Using pre-set license
Built from '2020.3/staging' branch; Version is '2020.3.11f1 (99c7afb366b3) revision 10078127'; Using compiler version '192528614'; Build Type 'Release'
OS: 'Windows 10 Pro; OS build 19042.1023; Version 2009; 64bit' Language: 'zh' Physical Memory: 16316 MB
BatchMode: 1, IsHumanControllingUs: 0, StartBugReporterOnCrash: 0, Is64bit: 1, IsPro: 0

 COMMAND LINE ARGUMENTS:
C:\Program Files\Unity\Hub\Editor\2020.3.11f1\Editor\Unity.exe
-adb2
-batchMode
-noUpm
-name
AssetImportWorker0
-projectPath
D:/Funny-Skirmish-Online-OK-2020/Funny-Skirmish-Online-19.1.26-2020
-logFile
Logs/AssetImportWorker0.log
-srvPort
57444
Successfully changed project path to: D:/Funny-Skirmish-Online-OK-2020/Funny-Skirmish-Online-19.1.26-2020
D:/Funny-Skirmish-Online-OK-2020/Funny-Skirmish-Online-19.1.26-2020
Using Asset Import Pipeline V2.
Refreshing native plugins compatible for Editor in 133.11 ms, found 2 plugins.
Preloading 0 native plugins for Editor in 0.00 ms.
Initialize engine version: 2020.3.11f1 (99c7afb366b3)
[Subsystems] Discovering subsystems at path C:/Program Files/Unity/Hub/Editor/2020.3.11f1/Editor/Data/Resources/UnitySubsystems
[Subsystems] Discovering subsystems at path D:/Funny-Skirmish-Online-OK-2020/Funny-Skirmish-Online-19.1.26-2020/Assets
GfxDevice: creating device client; threaded=0
Direct3D:
    Version:  Direct3D 11.0 [level 11.1]
    Renderer: NVIDIA GeForce GTX 1070 (ID=0x1b81)
    Vendor:   
    VRAM:     8088 MB
    Driver:   27.21.14.5671
Initialize mono
Mono path[0] = 'C:/Program Files/Unity/Hub/Editor/2020.3.11f1/Editor/Data/Managed'
Mono path[1] = 'C:/Program Files/Unity/Hub/Editor/2020.3.11f1/Editor/Data/MonoBleedingEdge/lib/mono/unityjit'
Mono config path = 'C:/Program Files/Unity/Hub/Editor/2020.3.11f1/Editor/Data/MonoBleedingEdge/etc'
Using monoOptions --debugger-agent=transport=dt_socket,embedding=1,server=y,suspend=n,address=127.0.0.1:56600
Begin MonoManager ReloadAssembly
Registering precompiled unity dll's ...
Register platform support module: C:/Program Files/Unity/Hub/Editor/2020.3.11f1/Editor/Data/PlaybackEngines/WindowsStandaloneSupport/UnityEditor.WindowsStandalone.Extensions.dll
Registered in 0.001908 seconds.
Native extension for WindowsStandalone target not found
Refreshing native plugins compatible for Editor in 130.81 ms, found 2 plugins.
Preloading 0 native plugins for Editor in 0.00 ms.
Mono: successfully reloaded assembly
- Completed reload, in  2.089 seconds
Platform modules already initialized, skipping
Registering precompiled user dll's ...
Registered in 0.009468 seconds.
Begin MonoManager ReloadAssembly
Symbol file LoadedFromMemory is not a mono symbol file
Native extension for WindowsStandalone target not found
Refreshing native plugins compatible for Editor in 1.64 ms, found 2 plugins.
Preloading 0 native plugins for Editor in 0.00 ms.
Mono: successfully reloaded assembly
- Completed reload, in  1.332 seconds
Platform modules already initialized, skipping
========================================================================
Worker process is ready to serve import requests
Launched and connected shader compiler UnityShaderCompiler.exe after 0.05 seconds
Refreshing native plugins compatible for Editor in 2.59 ms, found 2 plugins.
Preloading 0 native plugins for Editor in 0.00 ms.
Unloading 2526 Unused Serialized files (Serialized files now loaded: 0)
System memory in use before: 134.0 MB.
System memory in use after: 134.1 MB.

Unloading 72 unused Assets to reduce memory usage. Loaded Objects now: 2947.
Total: 7.861000 ms (FindLiveObjects: 0.442700 ms CreateObjectMapping: 0.101200 ms MarkObjects: 7.088600 ms  DeleteObjects: 0.226000 ms)

========================================================================
Received Import Request.
  path: Assets/Green Fog.prefab
  artifactKey: Guid(09a6eb112d6aa574a92dd1cf4dd80c24) Importer(815301076,1909f56bfc062723c751e8b465ee728b)
Start importing Assets/Green Fog.prefab using Guid(09a6eb112d6aa574a92dd1cf4dd80c24) Importer(815301076,1909f56bfc062723c751e8b465ee728b)  -> (artifact id: '63eec6941451b1ddad87a2a857249976') in 0.068225 seconds
  Import took 0.074473 seconds .

========================================================================
Received Import Request.
  Time since last request: 0.000472 seconds.
  path: Assets/Explosions_img_texture.png
  artifactKey: Guid(f67d8252e3cedd748901ccd496960ea1) Importer(815301076,1909f56bfc062723c751e8b465ee728b)
Start importing Assets/Explosions_img_texture.png using Guid(f67d8252e3cedd748901ccd496960ea1) Importer(815301076,1909f56bfc062723c751e8b465ee728b)  -> (artifact id: '8f4233deaac2a58e01c4641e68d45e1c') in 0.044998 seconds
  Import took 0.049398 seconds .

========================================================================
Received Import Request.
  Time since last request: 0.000211 seconds.
  path: Assets/Core.prefab
  artifactKey: Guid(bf0d6fa20fcf45949af9eff1b33e1af0) Importer(815301076,1909f56bfc062723c751e8b465ee728b)
Start importing Assets/Core.prefab using Guid(bf0d6fa20fcf45949af9eff1b33e1af0) Importer(815301076,1909f56bfc062723c751e8b465ee728b)  -> (artifact id: 'e93c4cebdec3dd4eb75bffdd024b234a') in 0.011553 seconds
  Import took 0.015873 seconds .

========================================================================
Received Import Request.
  Time since last request: 0.000253 seconds.
  path: Assets/Core 1.prefab
  artifactKey: Guid(3d70b938f4a877c44b698bbae38d6374) Importer(815301076,1909f56bfc062723c751e8b465ee728b)
Start importing Assets/Core 1.prefab using Guid(3d70b938f4a877c44b698bbae38d6374) Importer(815301076,1909f56bfc062723c751e8b465ee728b)  -> (artifact id: 'a4eafdf07a677c57045745771bc6635e') in 0.011907 seconds
  Import took 0.016460 seconds .

========================================================================
Received Import Request.
  Time since last request: 0.000250 seconds.
  path: Assets/Text FPS.prefab
  artifactKey: Guid(4df174a49b1cf2b499fbbeb976c10593) Importer(815301076,1909f56bfc062723c751e8b465ee728b)
Start importing Assets/Text FPS.prefab using Guid(4df174a49b1cf2b499fbbeb976c10593) Importer(815301076,1909f56bfc062723c751e8b465ee728b) Upgrading font asset [HoboStd SDF] to version 1.1.0.
UnityEngine.StackTraceUtility:ExtractStackTrace ()
UnityEngine.DebugLogHandler:LogFormat (UnityEngine.LogType,UnityEngine.Object,string,object[])
UnityEngine.Logger:Log (UnityEngine.LogType,object,UnityEngine.Object)
UnityEngine.Debug:Log (object,UnityEngine.Object)
TMPro.TMP_FontAsset:UpgradeFontAsset () (at Library/PackageCache/com.unity.textmeshpro@3.0.6/Scripts/Runtime/TMP_FontAsset.cs:2865)
TMPro.TMP_FontAsset:ReadFontAssetDefinition () (at Library/PackageCache/com.unity.textmeshpro@3.0.6/Scripts/Runtime/TMP_FontAsset.cs:569)
TMPro.TMP_FontAsset:OnValidate () (at Library/PackageCache/com.unity.textmeshpro@3.0.6/Scripts/Runtime/TMP_FontAsset.cs:555)

(Filename: Library/PackageCache/com.unity.textmeshpro@3.0.6/Scripts/Runtime/TMP_FontAsset.cs Line: 2865)

 -> (artifact id: '4de059dea08847450e8886d57efe70a9') in 0.056743 seconds
  Import took 0.060980 seconds .

========================================================================
Received Import Request.
  Time since last request: 0.000208 seconds.
  path: Assets/Slow-Area.FBX
  artifactKey: Guid(1eca366c0e70b13468ba2f20e8784129) Importer(815301076,1909f56bfc062723c751e8b465ee728b)
Start importing Assets/Slow-Area.FBX using Guid(1eca366c0e70b13468ba2f20e8784129) Importer(815301076,1909f56bfc062723c751e8b465ee728b)  -> (artifact id: '6d64d44d72db768e2cdfb66607ab8ee3') in 0.413677 seconds
  Import took 0.417640 seconds .

========================================================================
Received Import Request.
  Time since last request: 23.771658 seconds.
  path: Assets/Photon/PhotonUnityNetworking/Resources/PhotonServerSettings.asset
  artifactKey: Guid(0fe32654e9e114b468b4f258174a0809) Importer(815301076,1909f56bfc062723c751e8b465ee728b)
Start importing Assets/Photon/PhotonUnityNetworking/Resources/PhotonServerSettings.asset using Guid(0fe32654e9e114b468b4f258174a0809) Importer(815301076,1909f56bfc062723c751e8b465ee728b)  -> (artifact id: 'dc8551a2292e3dc77a03d46d9195f8cb') in 0.126684 seconds
  Import took 0.131403 seconds .

========================================================================
Received Import Request.
  Time since last request: 0.005167 seconds.
  path: Assets/Photon/PhotonUnityNetworking/Resources/PhotonServerSettings.asset
  artifactKey: Guid(0fe32654e9e114b468b4f258174a0809) Importer(815301076,1909f56bfc062723c751e8b465ee728b)
Start importing Assets/Photon/PhotonUnityNetworking/Resources/PhotonServerSettings.asset using Guid(0fe32654e9e114b468b4f258174a0809) Importer(815301076,1909f56bfc062723c751e8b465ee728b)  -> (artifact id: 'dc8551a2292e3dc77a03d46d9195f8cb') in 0.002517 seconds
  Import took 0.006713 seconds .

========================================================================
Received Prepare
Registering precompiled user dll's ...
Registered in 0.009130 seconds.
Begin MonoManager ReloadAssembly
Symbol file LoadedFromMemory is not a mono symbol file
Native extension for WindowsStandalone target not found
Refreshing native plugins compatible for Editor in 1.75 ms, found 2 plugins.
Preloading 0 native plugins for Editor in 0.00 ms.
Mono: successfully reloaded assembly
- Completed reload, in  1.252 seconds
Platform modules already initialized, skipping
Refreshing native plugins compatible for Editor in 1.78 ms, found 2 plugins.
Preloading 0 native plugins for Editor in 0.00 ms.
Unloading 2401 Unused Serialized files (Serialized files now loaded: 0)
System memory in use before: 125.6 MB.
System memory in use after: 125.7 MB.

Unloading 63 unused Assets to reduce memory usage. Loaded Objects now: 2995.
Total: 6.304500 ms (FindLiveObjects: 0.298100 ms CreateObjectMapping: 0.074400 ms MarkObjects: 5.801900 ms  DeleteObjects: 0.128300 ms)

========================================================================
Received Prepare
Registering precompiled user dll's ...
Registered in 0.009150 seconds.
Begin MonoManager ReloadAssembly
Symbol file LoadedFromMemory is not a mono symbol file
Native extension for WindowsStandalone target not found
Refreshing native plugins compatible for Editor in 1.83 ms, found 2 plugins.
Preloading 0 native plugins for Editor in 0.00 ms.
Mono: successfully reloaded assembly
- Completed reload, in  1.287 seconds
Platform modules already initialized, skipping
Refreshing native plugins compatible for Editor in 1.80 ms, found 2 plugins.
Preloading 0 native plugins for Editor in 0.00 ms.
Unloading 2401 Unused Serialized files (Serialized files now loaded: 0)
System memory in use before: 125.6 MB.
System memory in use after: 125.8 MB.

Unloading 63 unused Assets to reduce memory usage. Loaded Objects now: 2998.
Total: 6.520100 ms (FindLiveObjects: 0.311400 ms CreateObjectMapping: 0.078300 ms MarkObjects: 5.991300 ms  DeleteObjects: 0.137800 ms)

========================================================================
Received Import Request.
  Time since last request: 354.210679 seconds.
  path: Assets/_iLYuSha Wakaka Setting/Wakaka Kocmocraft/Models/Boundy_Hunter_MK.II_FBX.FBX
  artifactKey: Guid(7e67d414698ee4e46bb7958ae9881e71) Importer(815301076,1909f56bfc062723c751e8b465ee728b)
Start importing Assets/_iLYuSha Wakaka Setting/Wakaka Kocmocraft/Models/Boundy_Hunter_MK.II_FBX.FBX using Guid(7e67d414698ee4e46bb7958ae9881e71) Importer(815301076,1909f56bfc062723c751e8b465ee728b)  -> (artifact id: '31fd6d59dc118a38447f41879bdbb119') in 0.144791 seconds
  Import took 0.152532 seconds .

========================================================================
Received Import Request.
  Time since last request: 0.000245 seconds.
  path: Assets/_iLYuSha Wakaka Setting/Wakaka Kocmocraft/Prefabs/Exhibition/Exhibition (17) - Bounty_Hunter_MK.II.prefab
  artifactKey: Guid(474bac9e5bb0f37478d1e49c195ed587) Importer(815301076,1909f56bfc062723c751e8b465ee728b)
Start importing Assets/_iLYuSha Wakaka Setting/Wakaka Kocmocraft/Prefabs/Exhibition/Exhibition (17) - Bounty_Hunter_MK.II.prefab using Guid(474bac9e5bb0f37478d1e49c195ed587) Importer(815301076,1909f56bfc062723c751e8b465ee728b)  -> (artifact id: 'c27f52bd75db1395635d5cecf385b306') in 0.028615 seconds
  Import took 0.033313 seconds .

========================================================================
Received Import Request.
  Time since last request: 0.000283 seconds.
  path: Assets/_iLYuSha Wakaka Setting/Wakaka Kocmocraft/Prefabs/Hangar/Hangar (17) - Bounty_Hunter_MK.II.prefab
  artifactKey: Guid(1307c98b1eb3c5e498ddd4d82aa5b132) Importer(815301076,1909f56bfc062723c751e8b465ee728b)
Start importing Assets/_iLYuSha Wakaka Setting/Wakaka Kocmocraft/Prefabs/Hangar/Hangar (17) - Bounty_Hunter_MK.II.prefab using Guid(1307c98b1eb3c5e498ddd4d82aa5b132) Importer(815301076,1909f56bfc062723c751e8b465ee728b)  -> (artifact id: '7b57d846552ff19a94f9e3f6fe08d36d') in 0.043722 seconds
  Import took 0.048529 seconds .

========================================================================
Received Import Request.
  Time since last request: 32.866923 seconds.
  path: Assets/Custom Package/Wakaka/Portal Shutter/Portal Canvas.prefab
  artifactKey: Guid(2ce773b84cb9c454cb4551720ee23ff2) Importer(815301076,1909f56bfc062723c751e8b465ee728b)
Start importing Assets/Custom Package/Wakaka/Portal Shutter/Portal Canvas.prefab using Guid(2ce773b84cb9c454cb4551720ee23ff2) Importer(815301076,1909f56bfc062723c751e8b465ee728b)  -> (artifact id: '7d04e475e599cda27cc9c1801b5cb132') in 0.022401 seconds
  Import took 0.027110 seconds .

========================================================================
Received Import Request.
  Time since last request: 0.000209 seconds.
  path: Assets/Custom Package/Wakaka/Portal Shutter/大门砰砰(big-door-slam)_爱给网_aigei_com.wav
  artifactKey: Guid(c11a8802ef12c574097bbb0e59870969) Importer(815301076,1909f56bfc062723c751e8b465ee728b)
Start importing Assets/Custom Package/Wakaka/Portal Shutter/大门砰砰(big-door-slam)_爱给网_aigei_com.wav using Guid(c11a8802ef12c574097bbb0e59870969) Importer(815301076,1909f56bfc062723c751e8b465ee728b)  -> (artifact id: '9f5e40bd419cef856622799813d28682') in 0.079647 seconds
  Import took 0.083601 seconds .

========================================================================
Received Import Request.
  Time since last request: 0.000244 seconds.
  path: Assets/Custom Package/Wakaka/Portal Shutter/Portal Canvas.prefab
  artifactKey: Guid(2ce773b84cb9c454cb4551720ee23ff2) Importer(815301076,1909f56bfc062723c751e8b465ee728b)
Start importing Assets/Custom Package/Wakaka/Portal Shutter/Portal Canvas.prefab using Guid(2ce773b84cb9c454cb4551720ee23ff2) Importer(815301076,1909f56bfc062723c751e8b465ee728b)  -> (artifact id: '7d04e475e599cda27cc9c1801b5cb132') in 0.008408 seconds
  Import took 0.012487 seconds .

========================================================================
Received Import Request.
  Time since last request: 0.000209 seconds.
  path: Assets/Custom Package/Wakaka/Portal Shutter/快门_爱给网_aigei_com.wav
  artifactKey: Guid(123ac18498dad114fb4a4b4db454ddbc) Importer(815301076,1909f56bfc062723c751e8b465ee728b)
Start importing Assets/Custom Package/Wakaka/Portal Shutter/快门_爱给网_aigei_com.wav using Guid(123ac18498dad114fb4a4b4db454ddbc) Importer(815301076,1909f56bfc062723c751e8b465ee728b)  -> (artifact id: '6fc103f571fe09cf77310437070a9467') in 0.011385 seconds
  Import took 0.015323 seconds .

========================================================================
Received Import Request.
  Time since last request: 0.000254 seconds.
  path: Assets/Custom Package/Wakaka/Portal Shutter/孤单抢手2音效-大门口(big_door)_爱给网_aigei_com.wav
  artifactKey: Guid(56d8c549d33a7b34dbe21412cb99a63b) Importer(815301076,1909f56bfc062723c751e8b465ee728b)
Start importing Assets/Custom Package/Wakaka/Portal Shutter/孤单抢手2音效-大门口(big_door)_爱给网_aigei_com.wav using Guid(56d8c549d33a7b34dbe21412cb99a63b) Importer(815301076,1909f56bfc062723c751e8b465ee728b)  -> (artifact id: '4e80dea645b9a0e175b2a34df7d18fcc') in 0.011572 seconds
  Import took 0.015596 seconds .

========================================================================
Received Prepare
Registering precompiled user dll's ...
Registered in 0.009618 seconds.
Begin MonoManager ReloadAssembly
Symbol file LoadedFromMemory is not a mono symbol file
Native extension for WindowsStandalone target not found
Refreshing native plugins compatible for Editor in 1.77 ms, found 2 plugins.
Preloading 0 native plugins for Editor in 0.00 ms.
Mono: successfully reloaded assembly
- Completed reload, in  1.318 seconds
Platform modules already initialized, skipping
Refreshing native plugins compatible for Editor in 1.77 ms, found 2 plugins.
Preloading 0 native plugins for Editor in 0.00 ms.
Unloading 2401 Unused Serialized files (Serialized files now loaded: 0)
System memory in use before: 125.8 MB.
System memory in use after: 126.0 MB.

Unloading 63 unused Assets to reduce memory usage. Loaded Objects now: 3006.
Total: 6.506400 ms (FindLiveObjects: 0.296500 ms CreateObjectMapping: 0.075100 ms MarkObjects: 5.998100 ms  DeleteObjects: 0.135300 ms)

